<html>
<body>
<pre>
<h1>µVision Build Log</h1>
<h2>Tool Versions:</h2>
IDE-Version: ¦ÌVision V5.24.2.0
Copyright (C) 2017 ARM Ltd and ARM Germany GmbH. All rights reserved.
License Information: Behemoth TheBeast, SEU, LIC=NQQKP-MKV2K-IHU8E-5PKWV-YESBB-EKHE4
 
Tool Versions:
Toolchain:       MDK-ARM Plus  Version: 5.24.1
Toolchain Path:  C:\Keil_v5\ARM\ARMCC\Bin
C Compiler:      Armcc.exe V5.06 update 5 (build 528)
Assembler:       Armasm.exe V5.06 update 5 (build 528)
Linker/Locator:  ArmLink.exe V5.06 update 5 (build 528)
Library Manager: ArmAr.exe V5.06 update 5 (build 528)
Hex Converter:   FromElf.exe V5.06 update 5 (build 528)
CPU DLL:         SARMCM3.DLL V5.24.1
Dialog DLL:      DCM.DLL V1.16.0.0
Target DLL:      STLink\ST-LINKIII-KEIL_SWO.dll V3.0.1.0
Dialog DLL:      TCM.DLL V1.32.0.0
 
<h2>Project:</h2>
E:\MyOwn\Documents\Git\Engineer\MDK-ARM\Engineer.uvprojx
Project File Date:  11/11/2019

<h2>Output:</h2>
*** Using Compiler 'V5.06 update 5 (build 528)', folder: 'C:\Keil_v5\ARM\ARMCC\Bin'
Rebuild target 'Engineer'
assembling startup_stm32f427xx.s...
compiling dma.c...
compiling gpio.c...
compiling can.c...
compiling Task_Init.c...
..\Task\Src\Task_Init.c(21): error:  #20: identifier "bool" is undefined
  static bool BSP_Init();
..\Task\Src\Task_Init.c(21): warning:  #1295-D: Deprecated declaration BSP_Init - give arg types
  static bool BSP_Init();
..\Task\Src\Task_Init.c(54): error:  #20: identifier "bool" is undefined
  bool BSP_Init()
..\Task\Src\Task_Init.c(65): warning:  #1-D: last line of file ends without a newline
  }
..\Task\Src\Task_Init.c(54): warning:  #177-D: function "BSP_Init"  was declared but never referenced
  bool BSP_Init()
..\Task\Src\Task_Init.c: 3 warnings, 2 errors
compiling main.c...
compiling sys.c...
compiling usart.c...
compiling spi.c...
compiling stm32f4xx_hal_timebase_tim.c...
compiling freertos.c...
compiling stm32f4xx_hal_msp.c...
compiling stm32f4xx_hal_can.c...
compiling stm32f4xx_it.c...
compiling stm32f4xx_hal_rcc_ex.c...
compiling stm32f4xx_hal_rcc.c...
compiling stm32f4xx_hal_flash_ramfunc.c...
compiling stm32f4xx_hal_flash_ex.c...
compiling stm32f4xx_hal_flash.c...
compiling stm32f4xx_hal_gpio.c...
compiling stm32f4xx_hal_dma_ex.c...
compiling stm32f4xx_hal_cortex.c...
compiling stm32f4xx_hal.c...
compiling stm32f4xx_hal_dma.c...
compiling stm32f4xx_hal_pwr.c...
compiling stm32f4xx_hal_pwr_ex.c...
compiling stm32f4xx_hal_tim_ex.c...
compiling stm32f4xx_hal_exti.c...
compiling croutine.c...
compiling event_groups.c...
compiling stm32f4xx_hal_uart.c...
compiling stm32f4xx_hal_spi.c...
compiling list.c...
compiling stm32f4xx_hal_tim.c...
compiling stream_buffer.c...
compiling queue.c...
compiling timers.c...
compiling heap_4.c...
compiling tasks.c...
compiling cmsis_os.c...
compiling can_module.c...
compiling port.c...
compiling can_motor.c...
compiling system_stm32f4xx.c...
compiling remote_control.c...
..\App\Inc\rc.h(67): error:  #40: expected an identifier
  #define         ((uint8_t)0)
..\App\Inc\remote_control.h(64): error:  #20: identifier "bool" is undefined
  bool BSP_Init_RC(void);
..\App\Src\remote_control.c(46): error:  #1032: Definition of nested anonymous struct in packed "struct <unnamed>" must be __packed
      }buffer[2];
..\App\Src\remote_control.c(65): error:  #20: identifier "bool" is undefined
  bool BSP_Init_RC(void)
..\App\Src\remote_control.c(48): warning:  #177-D: variable "Remote_controler"  was declared but never referenced
  }Remote_controler;
..\App\Src\remote_control.c: 1 warning, 4 errors
"Engineer\Engineer.axf" - 6 Error(s), 4 Warning(s).

<h2>Software Packages used:</h2>

Package Vendor: ARM
                http://www.keil.com/pack/ARM.CMSIS.5.0.1.pack
                ARM.CMSIS.5.0.1
                CMSIS (Cortex Microcontroller Software Interface Standard)
   * Component: CORE Version: 5.0.1

Package Vendor: Keil
                http://www.keil.com/pack/Keil.STM32F4xx_DFP.2.13.0.pack
                Keil.STM32F4xx_DFP.2.13.0
                STMicroelectronics STM32F4 Series Device Support, Drivers and Examples

<h2>Collection of Component include folders:</h2>
  .\RTE\_Engineer
  C:\Keil_v5\ARM\PACK\ARM\CMSIS\5.0.1\CMSIS\Include
  C:\Keil_v5\ARM\PACK\Keil\STM32F4xx_DFP\2.13.0\Drivers\CMSIS\Device\ST\STM32F4xx\Include

<h2>Collection of Component Files used:</h2>

   * Component: ARM::CMSIS:CORE:5.0.1
Target not created.
Build Time Elapsed:  00:00:55
</pre>
</body>
</html>
